Traceback (most recent call last):
  File "C:\Users\pc\Downloads\EvolutionaryComputation\MCTS-AHD-master/problems/tsp_constructive/eval.py", line 11, in <module>
    from gpt import select_next_node_v2 as select_next_node
  File "C:\Users\pc\Downloads\EvolutionaryComputation\MCTS-AHD-master\problems\tsp_constructive\gpt.py", line 3
    """
    ^
SyntaxError: unterminated triple-quoted string literal (detected at line 48)

During handling of the above exception, another exception occurred:

Traceback (most recent call last):
  File "C:\Users\pc\Downloads\EvolutionaryComputation\MCTS-AHD-master/problems/tsp_constructive/eval.py", line 13, in <module>
    from gpt import select_next_node
  File "C:\Users\pc\Downloads\EvolutionaryComputation\MCTS-AHD-master\problems\tsp_constructive\gpt.py", line 3
    """
    ^
SyntaxError: unterminated triple-quoted string literal (detected at line 48)
